<?xml version="1.0" encoding="UTF-8"?>
<!-- Generated by org.testng.reporters.JUnitReportReporter -->
<testsuite skipped="0" hostname="LAPTOP-OB1CBGQ8" name="testproj.sample3" tests="8" failures="0" timestamp="8 Feb 2021 16:59:36 GMT" time="0.024" errors="0">
  <testcase name="test4" time="0.002" classname="testproj.sample3"/>
  <testcase name="test3" time="0.001" classname="testproj.sample3"/>
  <testcase name="test2" time="0.002" classname="testproj.sample3"/>
  <testcase name="test2" time="0.003" classname="testproj.sample3"/>
  <testcase name="test3" time="0.001" classname="testproj.sample3"/>
  <testcase name="test1" time="0.003" classname="testproj.sample3"/>
  <testcase name="test3" time="0.001" classname="testproj.sample3"/>
  <testcase name="test1" time="0.011" classname="testproj.sample3"/>
</testsuite> <!-- testproj.sample3 -->
