<?xml version="1.0" encoding="UTF-8"?>
<!-- Generated by org.testng.reporters.JUnitReportReporter -->
<testsuite skipped="0" hostname="LAPTOP-OB1CBGQ8" name="testproj.Sample1" tests="2" failures="0" timestamp="22 Feb 2021 17:11:02 GMT" time="0.013" errors="0">
  <testcase name="test2" time="0.001" classname="testproj.Sample1"/>
  <testcase name="test1" time="0.012" classname="testproj.Sample1"/>
</testsuite> <!-- testproj.Sample1 -->
