<?xml version="1.0" encoding="UTF-8"?>
<!-- Generated by org.testng.reporters.JUnitReportReporter -->
<testsuite skipped="0" hostname="LAPTOP-OB1CBGQ8" name="testproj.Sample2" tests="1" failures="0" timestamp="22 Feb 2021 17:11:02 GMT" time="0.001" errors="0">
  <testcase name="test3" time="0.001" classname="testproj.Sample2"/>
</testsuite> <!-- testproj.Sample2 -->
