<?xml version="1.0" encoding="UTF-8"?>
<!-- Generated by org.testng.reporters.JUnitReportReporter -->
<testsuite skipped="0" hostname="LAPTOP-OB1CBGQ8" name="testproj.Scenario1" tests="1" failures="0" timestamp="13 Feb 2021 13:57:44 GMT" time="13.257" errors="0">
  <testcase name="test" time="13.257" classname="testproj.Scenario1"/>
</testsuite> <!-- testproj.Scenario1 -->
