<?xml version="1.0" encoding="UTF-8"?>
<!-- Generated by org.testng.reporters.JUnitReportReporter -->
<testsuite skipped="0" hostname="LAPTOP-OB1CBGQ8" name="POM.Testscript" tests="1" failures="0" timestamp="17 Feb 2021 02:38:18 GMT" time="6.104" errors="0">
  <testcase name="login" time="6.104" classname="POM.Testscript"/>
</testsuite> <!-- POM.Testscript -->
