<?xml version="1.0" encoding="UTF-8"?>
<!-- Generated by org.testng.reporters.JUnitReportReporter -->
<testsuite skipped="0" hostname="LAPTOP-OB1CBGQ8" name="mock.Screenshot" tests="1" failures="0" timestamp="18 Feb 2021 03:47:38 GMT" time="15.886" errors="0">
  <testcase name="take_photo" time="15.886" classname="mock.Screenshot"/>
</testsuite> <!-- mock.Screenshot -->
