<?xml version="1.0" encoding="UTF-8"?>
<!-- Generated by org.testng.reporters.JUnitReportReporter -->
<testsuite skipped="0" hostname="LAPTOP-OB1CBGQ8" name="qsp1.Duplicatedrop2" tests="1" failures="0" timestamp="23 Feb 2021 12:19:09 GMT" time="6.234" errors="0">
  <testcase name="test" time="6.234" classname="qsp1.Duplicatedrop2"/>
</testsuite> <!-- qsp1.Duplicatedrop2 -->
