<?xml version="1.0" encoding="UTF-8"?>
<!-- Generated by org.testng.reporters.JUnitReportReporter -->
<testsuite skipped="0" hostname="LAPTOP-OB1CBGQ8" name="testproj.Login2" tests="1" failures="0" timestamp="13 Feb 2021 02:45:39 GMT" time="19.380" errors="0">
  <testcase name="test" time="19.380" classname="testproj.Login2"/>
</testsuite> <!-- testproj.Login2 -->
